
ROM used: 3304 (10%)
          3304 (10%) including unused fragments

          1 Average locations per line
          8 Average locations per statement

RAM used: 486 (24%) at main() level
          508 (25%) worst case

Stack used: 6 worst case (out of 31 total available)

Lines Stmts  %   Files
----- ----- ---  -----
  285   149  36  Esclavo 1_v2.c
  451     0   0  C:\Program Files (x86)\PICC\Devices\18F4550.h
 2172   260  64  math.h
----- -----
 2908   409 Total

Page ROM  %  RAM   Vol Diff  Functions:
---- --- --- ---   --- ----  ----------
0     44   1   1             @delay_ms1
0    122   2  10             @FLT
0     54   1   2             @ITOF
0    352   5  14             @DIVFF
0    634  10  16             @ADDFF
0     24   0   1             @I2C_WRITE_1
0     60   1   3   106  2.1  sensores
0    114   2   3   280  3.7  ssp_interupt
0    248   4   4   371  5.9  controlar_flujo
0     58   1   0   186  3.1  temp1s
0     36   1   0   167  3.0  LeerInflow
0     38   1   0   167  3.0  LeerDownflow
0     50   1   2    93  3.3  LeerVidrioAbajo
0     50   1   2    93  3.3  LeerVidriook
0     38   1   0   167  3.0  LeerFiltroInflow
0     38   1   0   167  3.0  LeerFiltroDownflow
0   1186  18   2  2606  6.9  MAIN

Program metrics:
    Functions               11
    Statements              409
    Comments                398
    Volume (V)              6404
    Difficilty (D)          40.8
    Effort to implement (E) 261155
    Time to implement (T)   4 hours, 2 minutes
    Est Delivered Bugs (B)  1
    Cyclomatic Complexity   28
    Maintainability (MI)    84

 Segment     Used  Free
-----------  ----  ----
00000-00002     4  0  
00004-00006     0  4  
00008-000A0   154  0  
000A2-07FFE  3146  29460  



