
ROM used: 24176 (74%)
          24178 (74%) including unused fragments

          5 Average locations per line
          12 Average locations per statement

RAM used: 310 (20%) at main() level
          347 (23%) worst case

Stack used: 7 worst case (out of 31 total available)

Lines Stmts  %   Files
----- ----- ---  -----
 1455  1380  68  CabinaCFLH.c
  457     0   0  C:\Program Files (x86)\PICC\Devices\18F4520.h
 2172   260  13  MATH.h
  172    73   4  LCD420.c
  373   306  15  Funciones.h
----- -----
 4629  2019 Total

Page ROM  %  RAM   Vol Diff  Functions:
---- --- --- ---   --- ----  ----------
0     40   0   1             @delay_ms1
0    888   2  20  1124 10.7  CEIL_FLOOR
0    122   0  10             @FLT
0     60   0   4             @SFTOI
0     54   0   2             @ITOF
0    350   1  14             @DIVFF
0    632   1  16             @ADDFF
0    246   1  11             @MULFF
0     26   0   4    43  2.1  floor
0     36   0   0             @const208
0     44   0   1   134  2.2  lcd_send_nibble
0     78   0   3   287  3.9  lcd_send_byte
0    122   0   2   422  4.7  lcd_init
0     72   0   3   321  5.5  lcd_gotoxy
0     50   0   0             @goto10582
0    126   0   1   439  6.1  lcd_putc
0    244   1   3   846  2.9  mensajes
0     20   0   0             @const349
0     32   0   2             @PSTRINGC_230
0     20   0   0             @const351
0     20   0   0             @const352
0     20   0   0             @const353
0     20   0   0             @const354
0     20   0   0             @const355
0     20   0   0             @const356
0     88   0   5   100  2.1  sensores
0    514   1   9   584  7.5  Leer_Sensor_Presion
0      2   0   0     5  1.0  EliminaRuido
0     72   0   0   295  1.9  ConfigInterrupciones
0    128   0   1   318  1.8  MensajeBienvenida
0     22   0   0             @const366
0     22   0   0             @const367
0     22   0   0             @const368
0     22   0   0             @const369
0   1354   3   4  2466  3.4  LeeEEPROM
0   1782   4   1  3873  5.0  LimitaValores
0    444   1   1   718  5.3  cuentaTiempoTrabajoFiltro
0    428   1   0  3414  4.5  ext0
0     50   0   0   284  4.6  temp0s
0    210   0   1  1334  6.8  temp1s
0  12118  25   4 63176 13.0  MAIN
0     14   0   0  1334  6.8  @const385
0     22   0   0 66033 13.5  @const386
0     22   0   0             @const389
0     22   0   0             @const390
0     22   0   0             @const391
0     22   0   0             @const392
0     22   0   0             @const393
0     22   0   0             @const394
0     40   0   3             @PSTRINGCN_230
0     44   0   3             @DIV88
0    124   0   2             @PRINTF_U_230
0     22   0   0             @const403
0     22   0   0             @const404
0     68   0   5             @FTOSD
0    128   0  13             @DIV3232
0    434   1  13             @PRINTF_L32D_230FPFPF
0     22   0   0             @const413
0     22   0   0             @const414
0     22   0   0             @const415
0     22   0   0             @const416
0     22   0   0             @const417
0     20   0   0             @const418
0     22   0   0             @const419
0     20   0   0             @const420
0    190   0   9             @PRINTF_LU_230
0     18   0   0             @const423
0     22   0   0             @const424
0     22   0   0             @const425
0     22   0   0             @const426
0     22   0   0             @const427
0     22   0   0             @const429
0     22   0   0             @const430
0     22   0   0             @const431
0    230   0   6             @PRINTF_D_230
0     20   0   0             @const437
0     20   0   0             @const438
0     20   0   0             @const439
0     20   0   0             @const440
0     20   0   0             @const443
0     20   0   0             @const444
0     20   0   0             @const445
0     22   0   0             @const447
0     22   0   0             @const450
0     22   0   0             @const451
0     18   0   0             @const452
0     18   0   0             @const455
0     18   0   0             @const456
0     22   0   0             @const458
0     22   0   0             @const459
0     22   0   0             @const460
0     22   0   0             @const464
0     22   0   0             @const465
0     22   0   0             @const466
0     22   0   0             @const467
0     22   0   0             @const469
0     22   0   0             @const470
0     22   0   0             @const471
0     22   0   0             @const472
0     22   0   0             @const474
0     22   0   0             @const475
0     22   0   0             @const476
0     22   0   0             @const480
0     22   0   0             @const481
0     22   0   0             @const482
0     22   0   0             @const483
0     22   0   0             @const485
0     20   0   0             @const486
0     22   0   0             @const487
0     18   0   0             @const489
0     18   0   0             @const490
0     22   0   0             @const493
0     22   0   0             @const494
0     14   0   0             @const495
0     14   0   0             @const496
0     22   0   0             @const499
0     22   0   0             @const500
0     22   0   0             @const501
0     22   0   0             @const502
0     22   0   0             @const503
0     22   0   0             @const504
0     22   0   0             @const505
0     22   0   0             @const506
0     22   0   0             @const508
0     22   0   0             @const509
0     22   0   0             @const510
0     22   0   0             @const511
0     22   0   0             @const513
0     22   0   0             @const514
0     22   0   0             @const515
0     22   0   0             @const516
0     20   0   0             @const518
0     20   0   0             @const519
0      8   0   0             @const520
0     22   0   0             @const523
0     16   0   0             @const524
0     10   0   0             @const525
0     10   0   0             @const526
0      8   0   0             @const527
0      8   0   0             @const528
0      8   0   0             @const529
0      8   0   0             @const530
0     22   0   0             @const532
0     22   0   0             @const533
0     22   0   0             @const534
0     22   0   0             @const535

Program metrics:
    Functions               22
    Statements              2019
    Comments                737
    Volume (V)              179473
    Difficilty (D)          114.8
    Effort to implement (E) 20597447
    Time to implement (T)   317 hours, 52 minutes
    Est Delivered Bugs (B)  25
    Cyclomatic Complexity   505
    Maintainability (MI)    68

 Segment     Used  Free
-----------  ----  ----
00000-00002     4  0  
00004-00006     2  2  
00008-0013E   312  0  
00140-07FFE  23858  8590  



