
ROM used: 9180 (28%)
          9180 (28%) including unused fragments

          7 Average locations per line
          10 Average locations per statement

RAM used: 7 (0%) at main() level
          43 (2%) worst case

Stack used: 6 worst case (out of 31 total available)

Lines Stmts  %   Files
----- ----- ---  -----
  763   861  93  Cabina_Flujo_Horizontal_V02.c
  451     0   0  C:\Archivos de programa\PICC\devices\18F4550.h
  162    68   7  C:\Archivos de programa\PICC\drivers\LCD420.c
----- -----
 1376   929 Total

Page ROM  %  RAM   Vol Diff  Functions:
---- --- --- ---   --- ----  ----------
0     40   0   1             @delay_ms1
0     20   0   0             @const73
0     56   0   3   463  4.3  lcd_read_byte
0     24   0   1   134  2.2  lcd_send_nibble
0     54   0   3   317  4.3  lcd_send_byte
0     90   0   2   422  4.7  lcd_init
0     54   0   3   321  5.5  lcd_gotoxy
0     34   0   0             @goto10088
0     74   0   1   308  5.0  lcd_putc
0    130   1   2   547  2.8  mensajes
0     20   0   0             @const104
0     32   0   2             @PSTRINGC_95
0     20   0   0             @const106
0     20   0   0             @const107
0     20   0   0             @const108
0     20   0   0             @const109
0    108   1   1   974  2.9  velocidades
0   5992  33   2 42469  9.5  MAIN
0     22   0   0             @const114
0     22   0   0             @const115
0     22   0   0             @const116
0     22   0   0             @const117
0     22   0   0             @const140
0     22   0   0             @const141
0     22   0   0             @const142
0     30   0   3             @PSTRINGCN_95
0     40   0   3             @DIV88
0    200   1   6             @PRINTF_D_95
0     20   0   0             @const153
0     20   0   0             @const154
0     20   0   0             @const155
0     20   0   0             @const156
0     20   0   0             @const159
0     20   0   0             @const160
0     20   0   0             @const161
0     22   0   0             @const163
0     22   0   0             @const165
0     22   0   0             @const166
0     12   0   0             @const167
0     14   0   0             @const168
0     22   0   0             @const169
0     22   0   0             @const170
0     22   0   0             @const171
0     22   0   0             @const172
0     22   0   0             @const173
0     22   0   0             @const174
0     22   0   0             @const175
0     22   0   0             @const176
0     22   0   0             @const177
0     22   0   0             @const178
0     22   0   0             @const179
0     22   0   0             @const180
0     22   0   0             @const181
0     22   0   0             @const182
0     22   0   0             @const183
0     22   0   0             @const184
0     20   0   0             @const186
0     20   0   0             @const187
0     12   0   0             @const188
0     12   0   0             @const189
0     22   0   0             @const190
0     22   0   0             @const191
0     22   0   0             @const192
0     22   0   0             @const193
0     22   0   0             @const194
0     22   0   0             @const195
0     22   0   0             @const196
0     22   0   0             @const197
0     22   0   0             @const198
0     22   0   0             @const199
0     22   0   0             @const200
0     22   0   0             @const201
0     22   0   0             @const202
0     22   0   0             @const203
0     22   0   0             @const204
0     22   0   0             @const205
0     20   0   0             @const207
0     20   0   0             @const208
0     12   0   0             @const209
0     12   0   0             @const210
0     22   0   0             @const211
0     22   0   0             @const212
0     22   0   0             @const213
0     22   0   0             @const214
0     22   0   0             @const215
0     22   0   0             @const216
0     22   0   0             @const217
0     22   0   0             @const218
0     22   0   0             @const219
0     22   0   0             @const220
0     22   0   0             @const221
0     22   0   0             @const222
0     22   0   0             @const223
0     22   0   0             @const224
0     22   0   0             @const225
0     22   0   0             @const226
0     22   0   0             @const228
0     22   0   0             @const229
0     22   0   0             @const231
0     22   0   0             @const232
0     22   0   0             @const233
0     22   0   0             @const234
0     22   0   0             @const236
0     22   0   0             @const237
0     22   0   0             @const238
0     22   0   0             @const241
0     22   0   0             @const242
0     22   0   0             @const243
0     22   0   0             @const244
0     22   0   0             @const246
0     22   0   0             @const247
0     22   0   0             @const248
0     22   0   0             @const249
0     22   0   0             @const251
0     22   0   0             @const252
0     22   0   0             @const253
0     22   0   0             @const256
0     22   0   0             @const257
0     22   0   0             @const258
0     22   0   0             @const259

Program metrics:
    Functions               9
    Statements              929
    Comments                316
    Volume (V)              50696
    Difficilty (D)          40.6
    Effort to implement (E) 2057133
    Time to implement (T)   31 hours, 45 minutes
    Est Delivered Bugs (B)  5
    Cyclomatic Complexity   138
    Maintainability (MI)    60

 Segment     Used  Free
-----------  ----  ----
00000-00002     4  0  
00004-07FFE  9176  23588  



