
ROM used: 6010 (18%)
          6010 (18%) including unused fragments

          1 Average locations per line
          9 Average locations per statement

RAM used: 660 (32%) at main() level
          692 (34%) worst case

Stack used: 13 worst case (out of 31 total available)

Lines Stmts  %   Files
----- ----- ---  -----
  325   123  18  rr2_HID_bkd_usb_Monitor.c
  451     0   0  ..\..\..\..\..\..\Program Files (x86)\PICC\Devices\18F4550.h
  222     0   0  pic18_usb.h
  328     0   0  usb_hw_layer.h
  361     0   0  usb_desc_hid.h
 1063     0   0  usb.h
  808   246  36  usb.c
 1281   320  46  pic18_usb.c
   28     0   0  ctype.h
----- -----
 4867   689 Total

Page ROM  %  RAM   Vol Diff  Functions:
---- --- --- ---   --- ----  ----------
0     42   0   1             @delay_ms1
0     32   0   0             @const160
0     66   1   0             @const164
0     48   0   0             @const168
0     18   0   0             @const170
0     18   0   0             @const173
0     58   0   0             @const176
0     18   0   0             @const178
0     18   0   0             @const180
0     34   0   0             @const184
0     54   0   0             @const187
0     60   0   3   133  4.3  usb_kbhit
0     68   1   3   133  4.3  usb_tbe
0     40   0   1   134  2.5  usb_detach
0     34   0   0   136  2.2  usb_attach
0      6   0   0    16  1.0  usb_init_cs
0     36   0   1   346  4.6  usb_task
0    220   2   7  1083  5.4  usb_flush_in
0    172   1  10   320  5.5  usb_put_packet
0    202   2   7   899  4.9  usb_flush_out
0    202   2  12   632  5.7  usb_get_packet_buffer
0     72   1   5   145  3.5  usb_get_packet
0     74   1   4   251  4.6  usb_stall_ep
0     72   1   4   258  4.6  usb_unstall_ep
0     90   1   5   360  5.8  usb_endpoint_stalled
0     26   0   1    88  2.7  usb_set_address
0    466   4  10  1722  9.8  usb_set_configured
0     84   1   3   192  3.2  usb_disable_endpoint
0     30   0   1    93  2.9  usb_disable_endpoints
0      4   0   0    39  2.0  usb_clear_trn
0    136   1   2   638  6.6  usb_isr
0      6   0   0    43  2.0  usb_isr_sof
0     42   0   0   357  4.2  usb_isr_rst
0     32   0   0   508  4.0  usb_init_ep0_setup
0      8   0   0    74  2.8  usb_isr_uerr
0     10   0   0    82  2.8  usb_isr_uidle
0     16   0   0   102  3.3  usb_isr_activity
0     14   0   0   151  3.9  usb_isr_stall
0      6   0   1    30  1.7  usb_request_send_response
0      6   0   0    22  1.2  usb_request_stall
0    378   3   5  2031  7.9  usb_isr_tok_dne
0      6   0   0    29  1.9  usb_enumerated
0     40   0   3   231  4.0  usb_token_reset
0    100   1   3   267  5.9  usb_endpoint_is_valid
0     36   0   1   152  3.0  usb_isr_tok_in_dne
0     10   0   1    48  1.9  usb_isr_tok_out_dne
0     52   0   0   336  5.5  usb_isr_tok_setup_dne
0    184   2   0  1454  8.3  usb_isr_tkn_setup_StandardDevice
0    178   1   3   993  7.8  usb_isr_tkn_setup_StandardInterface
0    106   1   0   753  5.8  usb_isr_tkn_setup_StandardEndpoint
0     16   0   0   105  3.8  usb_isr_tkn_setup_ClassInterface
0    290   2   1  1492  8.8  usb_Get_Descriptor
0     14   0   0    76  1.8  usb_finish_set_address
0    166   1   4   724  5.4  usb_copy_desc_seg_to_ep
0     34   0   0   724  5.4  @goto11049
0     10   0   0    24  1.5  usb_debug_task
0     56   0   3   106  2.1  sensores
0     40   0   0    74  2.3  usb_rx_task
0     36   0   0   167  3.0  LeerInflow
0     38   0   0   167  3.0  LeerDownflow
0     50   0   2    93  3.3  LeerVidrioAbajo
0     50   0   2    93  3.3  LeerVidriook
0     38   0   0   167  3.0  LeerFiltroInflow
0     38   0   0   167  3.0  LeerFiltroDownflow
0     72   1   0   391  3.8  LeerBotones
0     36   0   0   102  2.9  temp1s
0   1138   9   1  1864  5.4  MAIN

Program metrics:
    Functions               56
    Statements              689
    Comments                2257
    Volume (V)              41119
    Difficilty (D)          231.7
    Effort to implement (E) 9529249
    Time to implement (T)   147 hours, 3 minutes
    Est Delivered Bugs (B)  15
    Cyclomatic Complexity   138
    Maintainability (MI)    76

 Segment     Used  Free
-----------  ----  ----
00000-00002     4  0  
00004-00006     4  0  
00008-000A0   154  0  
000A2-07FFE  5848  26758  



