>>> Warning 203 "C:\Users\maria consuelo\Desktop\RRUSB_Complete\RRHidUSB\PIC\pic18_usb.c" Line 531(1,1): Condition always TRUE
>>> Warning 216 "rr2_HID_bkd_usb_Monitor.c" Line 326(0,1): Interrupts disabled during call to prevent re-entrancy:  (usb_token_reset)
>>> Warning 216 "rr2_HID_bkd_usb_Monitor.c" Line 326(0,1): Interrupts disabled during call to prevent re-entrancy:  (usb_flush_out)
>>> Warning 216 "rr2_HID_bkd_usb_Monitor.c" Line 326(0,1): Interrupts disabled during call to prevent re-entrancy:  (usb_tbe)
>>> Warning 216 "rr2_HID_bkd_usb_Monitor.c" Line 326(0,1): Interrupts disabled during call to prevent re-entrancy:  (usb_flush_in)
>>> Warning 202 "rr2_HID_bkd_usb_Monitor.c" Line 58(6,15): Variable never used:   connected
>>> Warning 202 "rr2_HID_bkd_usb_Monitor.c" Line 63(6,14): Variable never used:   NextChar
>>> Warning 202 "rr2_HID_bkd_usb_Monitor.c" Line 66(6,7): Variable never used:   i
>>> Warning 202 "rr2_HID_bkd_usb_Monitor.c" Line 71(6,7): Variable never used:   h
>>> Warning 202 "rr2_HID_bkd_usb_Monitor.c" Line 71(10,11): Variable never used:   l
>>> Warning 202 "rr2_HID_bkd_usb_Monitor.c" Line 71(14,28): Variable never used:   posicionvector
>>> Warning 202 "rr2_HID_bkd_usb_Monitor.c" Line 71(31,32): Variable never used:   r
>>> Warning 202 "rr2_HID_bkd_usb_Monitor.c" Line 71(35,36): Variable never used:   q
>>> Warning 202 "rr2_HID_bkd_usb_Monitor.c" Line 72(7,9): Variable never used:   V0
>>> Warning 202 "rr2_HID_bkd_usb_Monitor.c" Line 72(14,16): Variable never used:   V2
>>> Warning 202 "rr2_HID_bkd_usb_Monitor.c" Line 72(21,23): Variable never used:   V3
>>> Warning 202 "rr2_HID_bkd_usb_Monitor.c" Line 72(28,31): Variable never used:   RPM
>>> Warning 202 "rr2_HID_bkd_usb_Monitor.c" Line 72(36,38): Variable never used:   pH
>>> Warning 202 "rr2_HID_bkd_usb_Monitor.c" Line 72(43,45): Variable never used:   OD
>>> Warning 202 "rr2_HID_bkd_usb_Monitor.c" Line 73(7,9): Variable never used:   R1
>>> Warning 202 "rr2_HID_bkd_usb_Monitor.c" Line 73(17,19): Variable never used:   Pt
>>> Warning 202 "rr2_HID_bkd_usb_Monitor.c" Line 73(20,24): Variable never used:   Prom
>>> Warning 202 "rr2_HID_bkd_usb_Monitor.c" Line 73(29,40): Variable never used:   Temperature
>>> Warning 202 "rr2_HID_bkd_usb_Monitor.c" Line 74(7,15): Variable never used:   promedio
>>> Warning 202 "rr2_HID_bkd_usb_Monitor.c" Line 75(7,14): Variable never used:   pulsos1
>>> Warning 202 "rr2_HID_bkd_usb_Monitor.c" Line 76(7,17): Variable never used:   rpm_actual
>>> Warning 202 "rr2_HID_bkd_usb_Monitor.c" Line 76(22,30): Variable never used:   n_pulsos
>>> Warning 202 "rr2_HID_bkd_usb_Monitor.c" Line 77(16,20): Variable never used:   pwm1
>>> Warning 202 "rr2_HID_bkd_usb_Monitor.c" Line 77(23,27): Variable never used:   pwm2
>>> Warning 202 "rr2_HID_bkd_usb_Monitor.c" Line 78(63,75): Variable never used:   Vidrio_abajo
>>> Warning 202 "rr2_HID_bkd_usb_Monitor.c" Line 78(78,87): Variable never used:   Vidrio_ok
      Memory usage:   ROM=18%      RAM=32% - 34%
      0 Errors,  31 Warnings.
