
ROM used: 18582 (57%)
          18584 (57%) including unused fragments

          4 Average locations per line
          11 Average locations per statement

RAM used: 228 (11%) at main() level
          269 (13%) worst case

Stack used: 8 worst case (out of 31 total available)

Lines Stmts  %   Files
----- ----- ---  -----
 1259  1175  68  CabinaCFLH.c
  451     0   0  C:\Program Files (x86)\PICC\Devices\18F4550.h
 2172   260  15  MATH.h
  172    73   4  LCD420.c
  235   220  13  Funciones.h
----- -----
 4289  1728 Total

Page ROM  %  RAM   Vol Diff  Functions:
---- --- --- ---   --- ----  ----------
0     40   0   1             @delay_ms1
0    826   2  20  1124 10.7  CEIL_FLOOR
0    118   0  10             @FLT
0     56   0   4             @SFTOI
0     54   0   2             @ITOF
0    424   1  14             @DIVFF
0    642   2  16             @ADDFF
0    242   1  11             @MULFF
0     22   0   4    43  2.1  floor
0     36   0   0             @const208
0     38   0   1   134  2.2  lcd_send_nibble
0     66   0   3   287  3.9  lcd_send_byte
0     94   0   2   422  4.7  lcd_init
0     54   0   3   321  5.5  lcd_gotoxy
0     50   0   0             @goto10582
0     94   0   1   439  6.1  lcd_putc
0    212   1   3   846  2.9  mensajes
0     20   0   0             @const329
0     32   0   2             @PSTRINGC_230
0     20   0   0             @const331
0     20   0   0             @const332
0     20   0   0             @const333
0     20   0   0             @const334
0     20   0   0             @const335
0     20   0   0             @const336
0     86   0   5   100  2.1  sensores
0    406   1   9   499  7.0  Leer_Sensor_Presion
0      2   0   0     5  1.0  EliminaRuido
0     74   0   0   375  2.4  ConfigInterrupciones
0    102   0   1   318  1.8  MensajeBienvenida
0     22   0   0             @const346
0     22   0   0             @const347
0     22   0   0             @const348
0     22   0   0             @const349
0    670   2   1  1423  2.9  LeeEEPROM
0    948   3   1  2228  4.9  LimitaValores
0     36   0   0   243  4.1  bajarVidrio
0     36   0   0   243  4.1  subirVidrio
0     12   0   0    50  1.5  detenerVidrio
0    446   1   8  1566  3.9  leeControlRemoto
0    182   0   2   592  6.2  RB1
0     66   0   6             @WRITEBITA
0    120   0   0   738  4.3  ext0
0     50   0   0   284  4.6  temp0s
0    114   0   1   786  6.3  temp1s
0   8778  24   4 54797 12.5  MAIN
0     12   0   0             @const367
0     20   0   0             @const369
0     32   0   3             @PSTRINGCN_230
0     66   0   2             @PRINTF_X_230
0     20   0   0             @const375
0     20   0   0             @const376
0     20   0   0             @const377
0     22   0   0             @const378
0     22   0   0             @const379
0     22   0   0             @const380
0     40   0   3             @DIV88
0    208   1   6             @PRINTF_D_230
0     20   0   0             @const389
0     20   0   0             @const390
0     20   0   0             @const391
0     20   0   0             @const392
0     20   0   0             @const395
0     20   0   0             @const396
0     20   0   0             @const397
0     22   0   0             @const399
0     22   0   0             @const402
0     22   0   0             @const403
0     18   0   0             @const404
0    108   0   2             @PRINTF_U_230
0     18   0   0             @const410
0     18   0   0             @const411
0     22   0   0             @const413
0     22   0   0             @const414
0     22   0   0             @const415
0     22   0   0             @const419
0     22   0   0             @const420
0     22   0   0             @const421
0     22   0   0             @const422
0     22   0   0             @const424
0     22   0   0             @const425
0     22   0   0             @const426
0     22   0   0             @const427
0     22   0   0             @const429
0     22   0   0             @const430
0     22   0   0             @const431
0     22   0   0             @const435
0     22   0   0             @const436
0     22   0   0             @const437
0     22   0   0             @const438
0     22   0   0             @const440
0     20   0   0             @const441
0    182   0   9             @PRINTF_LU_230
0     22   0   0             @const444
0     18   0   0             @const446
0     18   0   0             @const447
0     22   0   0             @const450
0     22   0   0             @const451
0     64   0   5             @FTOSD
0    122   0  13             @DIV3232
0    390   1  13             @PRINTF_L32D_230FPFPF
0     14   0   0             @const460
0     14   0   0             @const461
0     22   0   0             @const464
0     22   0   0             @const465
0     22   0   0             @const466
0     22   0   0             @const467
0     22   0   0             @const468
0     22   0   0             @const469
0     22   0   0             @const470
0     22   0   0             @const471
0     22   0   0             @const473
0     22   0   0             @const474
0     20   0   0             @const475
0     22   0   0             @const476
0     22   0   0             @const478
0     22   0   0             @const479
0     22   0   0             @const480
0     22   0   0             @const481
0     22   0   0             @const483
0     16   0   0             @const486
0     22   0   0             @const488
0     22   0   0             @const489
0     22   0   0             @const490
0     22   0   0             @const491
0      8   0   0             @const493
0     10   0   0             @const494
0     10   0   0             @const495
0      8   0   0             @const496
0      8   0   0             @const497
0      8   0   0             @const498
0      8   0   0             @const499
0     64   0  10   344  4.6  BIT_BYTE

Program metrics:
    Functions               25
    Statements              1728
    Comments                607
    Volume (V)              84120
    Difficilty (D)          110.8
    Effort to implement (E) 9321550
    Time to implement (T)   143 hours, 51 minutes
    Est Delivered Bugs (B)  15
    Cyclomatic Complexity   242
    Maintainability (MI)    107

 Segment     Used  Free
-----------  ----  ----
00000-00002     4  0  
00004-00006     2  2  
00008-0014A   324  0  
0014C-07FFE  18252  14184  



