
ROM used: 8500 (26%)
          8500 (26%) including unused fragments

          7 Average locations per line
          10 Average locations per statement

RAM used: 7 (0%) at main() level
          40 (2%) worst case

Stack used: 6 worst case (out of 31 total available)

Lines Stmts  %   Files
----- ----- ---  -----
  688   752  91  Cabina_Flujo_Vertical.c
  451     0   0  C:\Program Files (x86)\PICC\Devices\18F4550.h
  164    70   9  LCD420.c
----- -----
 1303   822 Total

Page ROM  %  RAM   Vol Diff  Functions:
---- --- --- ---   --- ----  ----------
0     40   0   1             @delay_ms1
0     20   0   0   426  2.8  @const73
0     56   0   3   463  4.3  lcd_read_byte
0     24   0   1   134  2.2  lcd_send_nibble
0     54   0   3   317  4.3  lcd_send_byte
0     90   1   2   422  4.7  lcd_init
0     54   0   3   321  5.5  lcd_gotoxy
0     34   0   0             @goto10088
0     84   0   1   370  6.0  lcd_putc
0    104   1   2   426  2.8  mensajes
0     20   0   0             @const104
0     32   0   2             @PSTRINGC_95
0     20   0   0             @const106
0     20   0   0             @const107
0     20   0   0             @const108
0   5544  33   2 38821  9.5  MAIN
0     22   0   0             @const111
0     22   0   0             @const112
0     22   0   0             @const113
0     22   0   0             @const114
0     22   0   0             @const135
0     22   0   0             @const136
0     22   0   0             @const137
0     30   0   3             @PSTRINGCN_95
0     40   0   3             @DIV88
0    200   1   6             @PRINTF_D_95
0     22   0   0             @const148
0     22   0   0             @const149
0     22   0   0             @const150
0     22   0   0             @const151
0     22   0   0             @const153
0     22   0   0             @const154
0     22   0   0             @const155
0     22   0   0             @const156
0     22   0   0             @const158
0     22   0   0             @const160
0     22   0   0             @const161
0     12   0   0             @const162
0     14   0   0             @const163
0     22   0   0             @const164
0     22   0   0             @const165
0     22   0   0             @const166
0     22   0   0             @const167
0     22   0   0             @const168
0     22   0   0             @const169
0     22   0   0             @const170
0     22   0   0             @const171
0     22   0   0             @const172
0     22   0   0             @const173
0     22   0   0             @const174
0     22   0   0             @const175
0     22   0   0             @const176
0     22   0   0             @const177
0     22   0   0             @const178
0     22   0   0             @const179
0     22   0   0             @const181
0     22   0   0             @const182
0     12   0   0             @const183
0     12   0   0             @const184
0     22   0   0             @const185
0     22   0   0             @const186
0     22   0   0             @const187
0     22   0   0             @const188
0     22   0   0             @const189
0     22   0   0             @const190
0     22   0   0             @const191
0     22   0   0             @const192
0     22   0   0             @const193
0     22   0   0             @const194
0     22   0   0             @const195
0     22   0   0             @const196
0     22   0   0             @const197
0     22   0   0             @const198
0     22   0   0             @const199
0     22   0   0             @const200
0     22   0   0             @const202
0     22   0   0             @const203
0     12   0   0             @const204
0     12   0   0             @const205
0     22   0   0             @const206
0     22   0   0             @const207
0     22   0   0             @const208
0     22   0   0             @const209
0     22   0   0             @const210
0     22   0   0             @const211
0     22   0   0             @const212
0     22   0   0             @const213
0     22   0   0             @const214
0     22   0   0             @const215
0     22   0   0             @const216
0     22   0   0             @const217
0     22   0   0             @const218
0     22   0   0             @const219
0     22   0   0             @const220
0     22   0   0             @const221
0     22   0   0             @const223
0     22   0   0             @const224
0     22   0   0             @const225
0     22   0   0             @const228
0     22   0   0             @const229
0     22   0   0             @const230
0     22   0   0             @const231
0     22   0   0             @const233
0     22   0   0             @const234
0     22   0   0             @const235
0     22   0   0             @const236
0     22   0   0             @const238
0     22   0   0             @const239
0     22   0   0             @const240
0     22   0   0             @const243
0     22   0   0             @const244
0     22   0   0             @const245
0     22   0   0             @const246

Program metrics:
    Functions               9
    Statements              822
    Comments                309
    Volume (V)              45911
    Difficilty (D)          41.4
    Effort to implement (E) 1900088
    Time to implement (T)   29 hours, 19 minutes
    Est Delivered Bugs (B)  5
    Cyclomatic Complexity   127
    Maintainability (MI)    67

 Segment     Used  Free
-----------  ----  ----
00000-00002     4  0  
00004-07FFE  8496  24268  



