
ROM used: 46714 (48%)
          46714 (48%) including unused fragments

          6 Average locations per line
          15 Average locations per statement

RAM used: 2820 (85%) at main() level
          2873 (86%) worst case

Stack used: 5 worst case (out of 31 total available)

Lines Stmts  %   Files
----- ----- ---  -----
 2073  1764  56  GLCD_Controller.c
  461     0   0  18F4685.h
 2172   260   8  MATH.h
   37     0   0  stdio.h
  409     0   0  string.h
   28     0   0  stddef.h
   28     0   0  ctype.h
 1273   359  11  stdlib.h
  143    53   2  DS1302.c
    6     4   0  FuncionesDisplay.h
  747   731  23  Funciones.h
----- -----
 7377  3171 Total

Page ROM  %  RAM   Vol Diff  Functions:
---- --- --- ---   --- ----  ----------
0     40   0   1             @delay_ms1
0      8   0   0             @PUTCHARI_BIU_1
0     24   0   0             @GETCH_BIU_1
0    122   0  10             @FLT
0     60   0   4             @SFTOI
0     54   0   2             @ITOF
0    350   0  14             @DIVFF
0    632   1  16             @ADDFF
0    246   0  11             @MULFF
0     80   0   2             @SITOF
0     78   0   2             @MUL88
0     84   0   6             @MULS1616
0     72   0   5             @DIV1616
0     40   0   2   199  4.3  write_ds1302_byte
0     22   0   2    94  1.8  write_ds1302
0     86   0   3   401  4.9  read_ds1302
0     82   0   2   247  3.7  rtc_init
0     50   0   4   160  5.0  get_bcd
0     44   0   3             @DIV88
0     50   0   3   160  4.2  rm_bcd
0    188   0   7   402  2.2  rtc_set_datetime
 Inline        5   238  3.1  rtc_get_date
 Inline        4   170  3.0  rtc_get_time
0     62   0   3   140  0.7  sensores
0     54   0   0   134  1.3  SendDataDisplay
0     84   0   3   111  3.8  esBisiesto
0    136   0   1   750  4.8  LimitaDia
0    398   0   0  3379  5.9  LeeDisplay
0   2602   3  14  1713  9.8  LeerFlujo
0     34   0   5             @MUL1616
0   1048   1  35  1186  9.4  D6FW101
0   1824   2  10  1209  8.8  Leer_Sensor_Presion
0    478   1  21   534  7.5  leeTemperatura
0   3236   3   4  5212  4.5  LeeEEPROM
0   3926   4   0 10193  6.0  LimitaValores
0     30   0   0   209  1.8  ApagaSalidas
0   1348   1   4  1357  6.5  dibujaBarraDn
0     10   0   0             @const739
0     50   0   4             @PSTRINGCN_9600_31766_31767
0    126   0   2             @PRINTF_U_9600_31766_31767
0     10   0   0             @const745
0     42   0   3             @PSTRINGC_9600_31766_31767
0     10   0   0             @const747
0     10   0   0             @const748
0     10   0   0             @const749
0     12   0   0             @const750
0     10   0   0             @const751
0     10   0   0             @const752
0     10   0   0             @const753
0     12   0   0             @const754
0     12   0   0             @const755
0     10   0   0             @const756
0     10   0   0             @const757
0     12   0   0             @const758
0     12   0   0             @const759
0     12   0   0             @const760
0     10   0   0             @const762
0     10   0   0             @const763
0     10   0   0             @const764
0     10   0   0             @const765
0     10   0   0             @const766
0     12   0   0             @const767
0     10   0   0             @const768
0     10   0   0             @const769
0     10   0   0             @const770
0     12   0   0             @const771
0     12   0   0             @const772
0     10   0   0             @const773
0     10   0   0             @const774
0     12   0   0             @const775
0     12   0   0             @const776
0     12   0   0             @const777
0     18   0   0             @const780
0    170   0   9             @PRINTF_LU_9600_31766_31767
0     14   0   0             @const783
0     16   0   0             @const784
0     12   0   0             @const785
0     14   0   0             @const786
0     12   0   0             @const787
0     12   0   0             @const788
0     14   0   0             @const789
0     12   0   0             @const790
0     36   0   0   243  4.1  bajarVidrio
0     36   0   0   243  4.1  subirVidrio
0     10   0   0    50  1.5  detenerVidrio
0    624   1   8  1868  3.9  leeControlRemoto
0    142   0   0   899  4.3  ubicaVidrio20cm
0    216   0   2   592  6.2  RB1
0     66   0   6             @WRITEBITA
0    126   0   0   768  4.3  ext0
0     58   0   0   284  4.6  temp0s
0     94   0   2   552  5.2  serial_rx_isr
0  22472  24   4 99275 15.6  MAIN
0     16   0   0             @const806
0     12   0   0             @const807
0     14   0   0             @const808
0     12   0   0             @const809
0     10   0   0             @const810
0     14   0   0             @const811
0     10   0   0             @const812
0     16   0   0             @const813
0     10   0   0             @const814
0     18   0   0             @const815
0     10   0   0             @const816
0     10   0   0             @const817
0     20   0   0             @const818
0     14   0   0             @const819
0     12   0   0             @const820
0     14   0   0             @const821
0     12   0   0             @const822
0     26   0   0             @const823
0     14   0   0             @const824
0     26   0   0             @const825
0     14   0   0             @const826
0     26   0   0             @const827
0     10   0   0             @const828
0     26   0   0             @const829
0     10   0   0             @const830
0     28   0   0             @const831
0     10   0   0             @const832
0     32   0   0             @const833
0     20   0   0             @const834
0     14   0   0             @const835
0     12   0   0             @const836
0     14   0   0             @const837
0     12   0   0             @const838
0     26   0   0             @const839
0     14   0   0             @const840
0     26   0   0             @const841
0     14   0   0             @const842
0     62   0   0             @const843
0     18   0   0             @const844
0     14   0   0             @const845
0     16   0   0             @const846
0     10   0   0             @const847
0     12   0   0             @const848
0     12   0   0             @const849
0     12   0   0             @const850
0     16   0   0             @const851
0     62   0   0             @const852
0     18   0   0             @const853
0     14   0   0             @const854
0     14   0   0             @const855
0     18   0   0             @const856
0     14   0   0             @const857
0     20   0   0             @const858
0     20   0   0             @const859
0     62   0   0             @const860
0     18   0   0             @const861
0     14   0   0             @const862
0     14   0   0             @const863
0     18   0   0             @const864
0     14   0   0             @const865
0     20   0   0             @const866
0     20   0   0             @const867
0     20   0   0             @const868
0     34   0   0             @const869
0     20   0   0             @const870
0     20   0   0             @const871
0     62   0   0             @const872
0     16   0   0             @const873
0     16   0   0             @const874
0     26   0   0             @const875
0     34   0   0             @const876
0     68   0   5             @FTOSD
0    128   0  13             @DIV3232
0    420   0  13             @PRINTF_L32D_9600_31766_31767FPFPF
0     60   0   0             @const885
0     20   0   0             @const886
0     10   0   0             @const887
0     10   0   0             @const888
0     10   0   0             @const889
0     10   0   0             @const890
0     10   0   0             @const891
0     10   0   0             @const892
0     28   0   0             @const893
0     12   0   0             @const894
0     28   0   0             @const895
0     12   0   0             @const896
0     22   0   0             @const897
0     30   0   0             @const898
0     12   0   0             @const899
0     10   0   0             @const900
0     10   0   0             @const901
0     16   0   0             @const902
0     14   0   0             @const903
0     14   0   0             @const904
0     20   0   0             @const905
0     20   0   0             @const906
0     62   0   0             @const907
0     16   0   0             @const908
0     10   0   0             @const909
0     14   0   0             @const910
0     18   0   0             @const911
0     20   0   0             @const912
0     16   0   0             @const913
0     16   0   0             @const914
0     18   0   0             @const915
0     16   0   0             @const916
0     16   0   0             @const917
0     62   0   0             @const918
0     18   0   0             @const919
0     14   0   0             @const920
0     14   0   0             @const921
0     18   0   0             @const922
0     14   0   0             @const923
0     20   0   0             @const924
0     20   0   0             @const925
0     28   0   0             @const926
0     70   0   2             @PRINTF_X_9600_31766_31767
0     30   0   0             @const930
0     32   0   0             @const931
0     32   0   0             @const932
0     36   0   0             @const933
0     36   0   0             @const934
0     34   0   0             @const935
0     32   0   0             @const936
0     26   0   0             @const937
0     26   0   0             @const938
0     14   0   0             @const939
0     14   0   0             @const940
0     14   0   0             @const941
0     12   0   0             @const942
0     12   0   0             @const943
0     28   0   0             @const944
0     14   0   0             @const945
0     30   0   0             @const946
0     16   0   0             @const947
0     30   0   0             @const948
0     16   0   0             @const949
0     32   0   0             @const950
0     16   0   0             @const951
0     32   0   0             @const952
0     16   0   0             @const953
0     26   0   0             @const954
0     16   0   0             @const955
0     26   0   0             @const956
0     16   0   0             @const957
0     34   0   0             @const958
0     16   0   0             @const959
0     34   0   0             @const960
0     16   0   0             @const961
0     30   0   0             @const962
0     14   0   0             @const963
0     30   0   0             @const964
0     14   0   0             @const965
0     32   0   0             @const966
0     14   0   0             @const967
0     30   0   0             @const968
0     16   0   0   344  4.6  @const969
0     14   0   0             @const970
0     54   0   0             @const971
0     68   0  10   344  4.6  BIT_BYTE

Program metrics:
    Functions               34
    Statements              3171
    Comments                1259
    Volume (V)              166724
    Difficilty (D)          164.9
    Effort to implement (E) 27489142
    Time to implement (T)   424 hours, 13 minutes
    Est Delivered Bugs (B)  30
    Cyclomatic Complexity   452
    Maintainability (MI)    50

 Segment     Used  Free
-----------  ----  ----
00000-00002     4  0  
00004-00006     0  4  
00008-0015A   340  0  
0015C-0FFFE  46370  18818  
10000-17FFE     0  32768  



