
ROM used:   40908/98304 (42%)
            40908/98304 (42%) including unused fragments

            6.0 Average locations per line
            15.5 Average locations per statement

RAM used:   1128/3328 (34%) at main() level
            1177/3328 (35%) worst case

Stack used: 4 worst case (3 in main + 1 for interrupts)
Stack size: 31

Lines Stmts  %   Files
----- ----- ---  -----
 1689  1386  52  Maestro_v2.c
  461     0   0  C:\Program Files (x86)\PICC\Devices\18F4685.h
 2172   260  10  MATH.h
   37     0   0  stdio.h
  409     0   0  string.h
   28     0   0  stddef.h
   28     0   0  ctype.h
 1273   359  14  stdlib.h
  143    53   2  DS1302.c
    6     4   0  FuncionesDisplay.h
  616   583  22  Funciones.h
----- -----
 6862  2645 Total

Page ROM  %  RAM    Vol Diff  Functions:
---- --- --- ---    --- ----  ----------
0     40   0    1             @delay_ms1
0      8   0    0             @PUTCHARI_BIU_1
0    122   0   10             @FLT
0     60   0    4             @SFTOI
0     54   0    2             @ITOF
0    350   0   14             @DIVFF
0    632   1   16             @ADDFF
0    246   0   11             @MULFF
0     80   0    2             @SITOF
0     78   0    2             @MUL88
0     84   0    6             @MULS1616
0     72   0    5             @DIV1616
0     40   0    2    199  4.3  write_ds1302_byte
0     22   0    2     94  1.8  write_ds1302
0     86   0    3    401  4.9  read_ds1302
0     82   0    2    247  3.7  rtc_init
0     50   0    4    160  5.0  get_bcd
0     44   0    3             @DIV88
0     50   0    3    160  4.2  rm_bcd
0    188   0    7    402  2.2  rtc_set_datetime
 Inline         5    238  3.1  rtc_get_date
 Inline         4    170  3.0  rtc_get_time
0     62   0    3    135  0.8  sensores
0     54   0    0    134  1.3  SendDataDisplay
0     84   0    3    111  3.8  esBisiesto
0    136   0    1    750  4.8  LimitaDia
0    398   0    0   3379  5.9  LeeDisplay
0   2484   3   14   1713  9.8  LeerFlujo
0     34   0    5             @MUL1616
0   1042   1   35   1186  9.4  D6FW101
0   1776   2   10   1209  8.8  Leer_Sensor_Presion
0    476   1   21    534  7.5  leeTemperatura
0   2526   3    4   4518  4.5  LeeEEPROM
0   2946   4    0   7473  5.5  LimitaValores
0     30   0    0    209  1.8  ApagaSalidas
0   1344   2    4   1357  6.5  dibujaBarraDn
0     10   0    0             @const713
0     50   0    4             @PSTRINGCN_9600_31766_31767
0    126   0    2             @PRINTF_U_9600_31766_31767
0     10   0    0             @const719
0     42   0    3             @PSTRINGC_9600_31766_31767
0     10   0    0             @const724
0     10   0    0             @const725
0     10   0    0             @const726
0     12   0    0             @const727
0     10   0    0             @const728
0     10   0    0             @const729
0     10   0    0             @const730
0     12   0    0             @const731
0     12   0    0             @const732
0     10   0    0             @const733
0     10   0    0             @const734
0     12   0    0             @const735
0     12   0    0             @const736
0     12   0    0             @const737
0   1360   2    4   1357  6.5  dibujaBarraIn
0     10   0    0             @const739
0     10   0    0             @const740
0     10   0    0             @const741
0     10   0    0             @const742
0     10   0    0             @const743
0     12   0    0             @const744
0     10   0    0             @const745
0     10   0    0             @const746
0     10   0    0             @const747
0     12   0    0             @const748
0     12   0    0             @const749
0     10   0    0             @const750
0     10   0    0             @const751
0     12   0    0             @const752
0     12   0    0             @const753
0     12   0    0             @const754
0    380   0    2    464  1.9  cambiaColor
0     18   0    0             @const757
0    180   0    9             @PRINTF_LU_9600_31766_31767
0     14   0    0             @const760
0     16   0    0             @const761
0     12   0    0             @const762
0     14   0    0             @const763
0     12   0    0             @const764
0     12   0    0             @const765
0     14   0    0             @const766
0     12   0    0             @const767
0     20   0    0     47  1.8  ext0
0    100   0    2    581  5.3  serial_rx_isr
0  18690  23    4  77298 14.6  main
0     10   0    0    581  5.3  @const773
0      8   0    0  77564 15.1  @const774
0      8   0    0             @const775
0     12   0    0             @const776
0     14   0    0             @const777
0     26   0    0             @const778
0     10   0    0             @const779
0     26   0    0             @const780
0     10   0    0             @const781
0     28   0    0             @const782
0     10   0    0             @const783
0     32   0    0             @const784
0     20   0    0             @const785
0     14   0    0             @const786
0     12   0    0             @const787
0     14   0    0             @const788
0     12   0    0             @const789
0     26   0    0             @const790
0     14   0    0             @const791
0     26   0    0             @const792
0     14   0    0             @const793
0     70   0    0             @const794
0     18   0    0             @const795
0     14   0    0             @const796
0     18   0    0             @const797
0     10   0    0             @const798
0     12   0    0             @const799
0     12   0    0             @const800
0     12   0    0             @const801
0     16   0    0             @const802
0     70   0    0             @const803
0     14   0    0             @const804
0     20   0    0             @const805
0     20   0    0             @const806
0     70   0    0             @const807
0     14   0    0             @const808
0     20   0    0             @const809
0     20   0    0             @const810
0     20   0    0             @const811
0     32   0    0             @const812
0     20   0    0             @const813
0     20   0    0             @const814
0     70   0    0             @const815
0     16   0    0             @const816
0     16   0    0             @const817
0     28   0    0             @const818
0     68   0    5             @FTOSD
0    148   0   13             @DIV3232
0    416   1   13             @PRINTF_L32D_9600_31766_31767FPFPF
0     32   0    0             @const827
0     70   0    0             @const828
0     20   0    0             @const829
0     18   0    0             @const830
0     10   0    0             @const831
0     10   0    0             @const832
0     10   0    0             @const833
0     10   0    0             @const834
0     10   0    0             @const835
0     10   0    0             @const836
0     28   0    0             @const837
0     12   0    0             @const838
0     28   0    0             @const839
0     12   0    0             @const840
0     22   0    0             @const841
0     30   0    0             @const842
0     12   0    0             @const843
0     10   0    0             @const844
0     10   0    0             @const845
0     10   0    0             @const846
0     10   0    0             @const847
0     14   0    0             @const848
0     12   0    0             @const849
0     20   0    0             @const850
0     20   0    0             @const851
0     70   0    0             @const852
0     16   0    0             @const853
0     10   0    0             @const854
0     14   0    0             @const855
0     18   0    0             @const856
0     20   0    0             @const857
0     16   0    0             @const858
0     16   0    0             @const859
0     18   0    0             @const860
0     16   0    0             @const861
0     70   0    0             @const862
0     14   0    0             @const863
0     20   0    0             @const864
0     20   0    0             @const865
0     26   0    0             @const866
0     30   0    0             @const867
0     32   0    0             @const868
0     32   0    0             @const869
0     36   0    0             @const870
0     36   0    0             @const871
0     34   0    0             @const872
0     32   0    0             @const873
0     26   0    0             @const874
0     26   0    0             @const875
0     14   0    0             @const876
0     14   0    0             @const877
0     14   0    0             @const878
0     12   0    0             @const879
0     12   0    0             @const880
0     28   0    0             @const881
0     14   0    0             @const882
0     30   0    0             @const883
0     16   0    0             @const884
0     30   0    0             @const885
0     16   0    0             @const886
0     32   0    0             @const887
0     16   0    0             @const888
0     32   0    0             @const889
0     16   0    0             @const890
0     32   0    0             @const891
0     16   0    0             @const892
0     30   0    0             @const893
0     16   0    0             @const894
0     34   0    0             @const895
0     16   0    0             @const896
0     32   0    0             @const897
0     16   0    0             @const898
0     30   0    0             @const899
0     14   0    0             @const900
0     14   0    0             @const901
0     54   0    0             @const902
 Inline         0             @cinit1

Program metrics:
    Functions               29
    Statements              2645
    Comments                1211
    Volume (V)              225600
    Difficulty (D)          154.7
    Effort to implement (E) 34891616
    Time to implement (T)   538 hours, 27 minutes
    Est Delivered Bugs (B)  36
    Cyclomatic Complexity   619
    Maintainability (MI)    19

 Segment     Used  Free
-----------  ----  ----
00000-00002     4  0  
00004-00006     0  4  
00008-00182   380  0  
00184-0FFFE  40524  24624  
10000-17FFE     0  32768  



