
ROM used: 13676 (42%)
          13676 (42%) including unused fragments

          4 Average locations per line
          11 Average locations per statement

RAM used: 183 (9%) at main() level
          220 (11%) worst case

Stack used: 7 worst case (out of 31 total available)

Lines Stmts  %   Files
----- ----- ---  -----
  922   912  73  CabinaFlujo.c
  451     0   0  C:\Program Files (x86)\PICC\Devices\18F4550.h
  172    73   6  LCD420.c
 2172   260  21  MATH.h
----- -----
 3717  1245 Total

Page ROM  %  RAM   Vol Diff  Functions:
---- --- --- ---   --- ----  ----------
0     40   0   1             @delay_ms1
0     30   0   0             @const73
0     38   0   1   134  2.2  lcd_send_nibble
0     66   0   3   287  3.9  lcd_send_byte
0     86   0   2   422  4.7  lcd_init
0     54   0   3   321  5.5  lcd_gotoxy
0     44   0   0             @goto10100
0     94   0   1   439  6.1  lcd_putc
0    818   3  20  1124 10.7  CEIL_FLOOR
0    118   0  10             @FLT
0     56   0   4             @SFTOI
0     54   0   2             @ITOF
0    346   1  14             @DIVFF
0    618   2  16             @ADDFF
0    242   1  11             @MULFF
0     22   0   4    43  2.1  floor
0     82   0   1   478  5.7  temp1s
0    130   0   2   547  2.8  mensajes
0     20   0   0             @const294
0     32   0   2             @PSTRINGC_95
0     20   0   0             @const296
0     20   0   0             @const297
0     20   0   0             @const298
0     20   0   0             @const299
0    108   0   1   974  2.9  velocidades
0     82   0   5   100  2.1  sensores
0    410   1   9   499  7.0  Leer_Sensor_Presion
0     80   0   0   561  3.3  Limita
0   7440  27   4 39457 12.0  MAIN
0     22   0   0             @const311
0     22   0   0             @const312
0     22   0   0             @const313
0     22   0   0             @const314
0     22   0   0             @const316
0     22   0   0             @const317
0     22   0   0             @const318
0     30   0   3             @PSTRINGCN_95
0     40   0   3             @DIV88
0    200   1   6             @PRINTF_D_95
0     20   0   0             @const329
0     20   0   0             @const330
0     20   0   0             @const331
0     20   0   0             @const332
0     20   0   0             @const335
0     20   0   0             @const336
0     20   0   0             @const337
0     22   0   0             @const339
0     22   0   0             @const342
0     22   0   0             @const343
0     18   0   0             @const344
0    102   0   2             @PRINTF_U_95
0     18   0   0             @const350
0     18   0   0             @const351
0     22   0   0             @const353
0     22   0   0             @const354
0     22   0   0             @const356
0     22   0   0             @const357
0     22   0   0             @const358
0     22   0   0             @const359
0     22   0   0             @const361
0     22   0   0             @const362
0     22   0   0             @const363
0     22   0   0             @const366
0     22   0   0             @const367
0     22   0   0             @const368
0     22   0   0             @const369
0     22   0   0             @const371
0     22   0   0             @const372
0     22   0   0             @const373
0     22   0   0             @const374
0     22   0   0             @const376
0     22   0   0             @const377
0     22   0   0             @const378
0     22   0   0             @const381
0     22   0   0             @const382
0     22   0   0             @const383
0     22   0   0             @const384
0     22   0   0             @const385
0     20   0   0             @const386
0    180   1   9             @PRINTF_LU_95
0     22   0   0             @const389
0     18   0   0             @const391
0     18   0   0             @const392
0     22   0   0             @const395
0     22   0   0             @const396
0     64   0   5             @FTOSD
0    122   0  13             @DIV3232
0    390   1  13             @PRINTF_L32D_95FPFPF
0     14   0   0             @const405
0     14   0   0             @const406
0     22   0   0             @const409
0      8   0   0             @const410
0     16   0   0             @const411
0     10   0   0             @const412
0     10   0   0             @const413
0      8   0   0             @const414
0      8   0   0             @const415
0      8   0   0             @const416
0      8   0   0             @const417

Program metrics:
    Functions               14
    Statements              1245
    Comments                548
    Volume (V)              52827
    Difficilty (D)          69.3
    Effort to implement (E) 3662783
    Time to implement (T)   56 hours, 31 minutes
    Est Delivered Bugs (B)  8
    Cyclomatic Complexity   170
    Maintainability (MI)    39

 Segment     Used  Free
-----------  ----  ----
00000-00002     4  0  
00004-00006     0  4  
00008-00094   142  0  
00096-07FFE  13530  19088  



